<testsuite failures="0" name="com/api/automation/postrequest/datadriven/postDataDriven.feature" skipped="0" tests="6" time="1.882688">
  <testcase classname="com.api.automation.postrequest.datadriven.postDataDriven" name="To create product description in the test application get" time="0.008066">
    <system-out>Given print 'https://dummyjson.com' ....................................... passed
When print '/products' .................................................... passed
Then print 'get' .......................................................... passed
And print '200' ........................................................... passed</system-out>
  </testcase>
  <testcase classname="com.api.automation.postrequest.datadriven.postDataDriven" name="To create product description in the test application post" time="0.004724">
    <system-out>Given print 'https://dummyjson.com' ....................................... passed
When print '/products' .................................................... passed
Then print 'get' .......................................................... passed
And print '200' ........................................................... passed
Given print 'https://dummyjson.com' ....................................... passed
When print '/products/add' ................................................ passed
Then print 'post' ......................................................... passed
And print '200' ........................................................... passed</system-out>
  </testcase>
  <testcase classname="com.api.automation.postrequest.datadriven.postDataDriven" name="To create product description in the test application put" time="0.009118">
    <system-out>Given print 'https://dummyjson.com' ....................................... passed
When print '/products' .................................................... passed
Then print 'get' .......................................................... passed
And print '200' ........................................................... passed
Given print 'https://dummyjson.com' ....................................... passed
When print '/products/add' ................................................ passed
Then print 'post' ......................................................... passed
And print '200' ........................................................... passed
Given print 'https://dummyjson.com' ....................................... passed
When print '/products/add' ................................................ passed
Then print 'put' .......................................................... passed
And print '201' ........................................................... passed</system-out>
  </testcase>
  <testcase classname="com.api.automation.postrequest.datadriven.postDataDriven" name="Data Driven for the product description entry - 101" time="0.624221">
    <system-out>Given print 'https://dummyjson.com' ....................................... passed
When print '/products' .................................................... passed
Then print 'get' .......................................................... passed
And print '200' ........................................................... passed
Given print 'https://dummyjson.com' ....................................... passed
When print '/products/add' ................................................ passed
Then print 'post' ......................................................... passed
And print '200' ........................................................... passed
Given print 'https://dummyjson.com' ....................................... passed
When print '/products/add' ................................................ passed
Then print 'put' .......................................................... passed
And print '201' ........................................................... passed
Given url 'https://dummyjson.com' ......................................... passed
And path '/products/add' .................................................. passed
And request {"id": '#(id)',"title": '#(title)',"description": '#(description)',"price": 10,"discountPercentage": 10.00,"rating": 10.00,"stock": 10,"stocks": 20,"brand": "Bad brand","category": "Bad category","thumbnail": "https://i.dummyjson.com/data/products/1/thumbnail.jpg","images": ["https://i.dummyjson.com/data/products/1/1.jpg","https://i.dummyjson.com/data/products/1/2.jpg","https://i.dummyjson.com/data/products/1/3.jpg","https://i.dummyjson.com/data/products/1/4.jpg","https://i.dummyjson.com/data/products/1/thumbnail.jpg"]} . passed
And headers {Accept: 'application/json' , Content-Type: 'application/json'} . passed
When method post .......................................................... passed
And status 200 ............................................................ passed</system-out>
  </testcase>
  <testcase classname="com.api.automation.postrequest.datadriven.postDataDriven" name="Data Driven for the product description entry - id" time="0.628496">
    <system-out>Given print 'https://dummyjson.com' ....................................... passed
When print '/products' .................................................... passed
Then print 'get' .......................................................... passed
And print '200' ........................................................... passed
Given print 'https://dummyjson.com' ....................................... passed
When print '/products/add' ................................................ passed
Then print 'post' ......................................................... passed
And print '200' ........................................................... passed
Given print 'https://dummyjson.com' ....................................... passed
When print '/products/add' ................................................ passed
Then print 'put' .......................................................... passed
And print '201' ........................................................... passed
Given url 'https://dummyjson.com' ......................................... passed
And path '/products/add' .................................................. passed
And request {"id": '#(id)',"title": '#(title)',"description": '#(description)',"price": 10,"discountPercentage": 10.00,"rating": 10.00,"stock": 10,"stocks": 20,"brand": "Bad brand","category": "Bad category","thumbnail": "https://i.dummyjson.com/data/products/1/thumbnail.jpg","images": ["https://i.dummyjson.com/data/products/1/1.jpg","https://i.dummyjson.com/data/products/1/2.jpg","https://i.dummyjson.com/data/products/1/3.jpg","https://i.dummyjson.com/data/products/1/4.jpg","https://i.dummyjson.com/data/products/1/thumbnail.jpg"]} . passed
And headers {Accept: 'application/json' , Content-Type: 'application/json'} . passed
When method post .......................................................... passed
And status 200 ............................................................ passed
Given url 'https://dummyjson.com' ......................................... passed
And path '/products/add' .................................................. passed
And request {"id": '#(id)',"title": '#(title)',"description": '#(description)',"price": 10,"discountPercentage": 10.00,"rating": 10.00,"stock": 10,"stocks": 20,"brand": "Bad brand","category": "Bad category","thumbnail": "https://i.dummyjson.com/data/products/1/thumbnail.jpg","images": ["https://i.dummyjson.com/data/products/1/1.jpg","https://i.dummyjson.com/data/products/1/2.jpg","https://i.dummyjson.com/data/products/1/3.jpg","https://i.dummyjson.com/data/products/1/4.jpg","https://i.dummyjson.com/data/products/1/thumbnail.jpg"]} . passed
And headers {Accept: 'application/json' , Content-Type: 'application/json'} . passed
When method post .......................................................... passed
And status 200 ............................................................ passed</system-out>
  </testcase>
  <testcase classname="com.api.automation.postrequest.datadriven.postDataDriven" name="Data Driven for the product description entry - false" time="0.608064">
    <system-out>Given print 'https://dummyjson.com' ....................................... passed
When print '/products' .................................................... passed
Then print 'get' .......................................................... passed
And print '200' ........................................................... passed
Given print 'https://dummyjson.com' ....................................... passed
When print '/products/add' ................................................ passed
Then print 'post' ......................................................... passed
And print '200' ........................................................... passed
Given print 'https://dummyjson.com' ....................................... passed
When print '/products/add' ................................................ passed
Then print 'put' .......................................................... passed
And print '201' ........................................................... passed
Given url 'https://dummyjson.com' ......................................... passed
And path '/products/add' .................................................. passed
And request {"id": '#(id)',"title": '#(title)',"description": '#(description)',"price": 10,"discountPercentage": 10.00,"rating": 10.00,"stock": 10,"stocks": 20,"brand": "Bad brand","category": "Bad category","thumbnail": "https://i.dummyjson.com/data/products/1/thumbnail.jpg","images": ["https://i.dummyjson.com/data/products/1/1.jpg","https://i.dummyjson.com/data/products/1/2.jpg","https://i.dummyjson.com/data/products/1/3.jpg","https://i.dummyjson.com/data/products/1/4.jpg","https://i.dummyjson.com/data/products/1/thumbnail.jpg"]} . passed
And headers {Accept: 'application/json' , Content-Type: 'application/json'} . passed
When method post .......................................................... passed
And status 200 ............................................................ passed
Given url 'https://dummyjson.com' ......................................... passed
And path '/products/add' .................................................. passed
And request {"id": '#(id)',"title": '#(title)',"description": '#(description)',"price": 10,"discountPercentage": 10.00,"rating": 10.00,"stock": 10,"stocks": 20,"brand": "Bad brand","category": "Bad category","thumbnail": "https://i.dummyjson.com/data/products/1/thumbnail.jpg","images": ["https://i.dummyjson.com/data/products/1/1.jpg","https://i.dummyjson.com/data/products/1/2.jpg","https://i.dummyjson.com/data/products/1/3.jpg","https://i.dummyjson.com/data/products/1/4.jpg","https://i.dummyjson.com/data/products/1/thumbnail.jpg"]} . passed
And headers {Accept: 'application/json' , Content-Type: 'application/json'} . passed
When method post .......................................................... passed
And status 200 ............................................................ passed
Given url 'https://dummyjson.com' ......................................... passed
And path '/products/add' .................................................. passed
And request {"id": '#(id)',"title": '#(title)',"description": '#(description)',"price": 10,"discountPercentage": 10.00,"rating": 10.00,"stock": 10,"stocks": 20,"brand": "Bad brand","category": "Bad category","thumbnail": "https://i.dummyjson.com/data/products/1/thumbnail.jpg","images": ["https://i.dummyjson.com/data/products/1/1.jpg","https://i.dummyjson.com/data/products/1/2.jpg","https://i.dummyjson.com/data/products/1/3.jpg","https://i.dummyjson.com/data/products/1/4.jpg","https://i.dummyjson.com/data/products/1/thumbnail.jpg"]} . passed
And headers {Accept: 'application/json' , Content-Type: 'application/json'} . passed
When method post .......................................................... passed
And status 200 ............................................................ passed</system-out>
  </testcase>
</testsuite>
