<testsuite failures="1" name="com/api/automation/createUserEntryWithVariables.feature" skipped="0" tests="1" time="0.014407">
  <testcase classname="com.api.automation.createUserEntryWithVariables" name="To create the user entry with JSON data" time="0.014407">
    <failure message="createUserEntryWithVariables.feature:7 - evaluation (js) failed: _url, javax.script.ScriptException: ReferenceError: &quot;_url&quot; is not defined in &lt;eval&gt; at line number 1&#10;stack trace: jdk.scripting.nashorn/jdk.nashorn.api.scripting.NashornScriptEngine.throwAsScriptException(NashornScriptEngine.java:477)">Given url _url ............................................................ failed

Stack Trace:
com.intuit.karate.exception.KarateException: createUserEntryWithVariables.feature:7 - evaluation (js) failed: _url, javax.script.ScriptException: ReferenceError: "_url" is not defined in &lt;eval&gt; at line number 1
stack trace: jdk.scripting.nashorn/jdk.nashorn.api.scripting.NashornScriptEngine.throwAsScriptException(NashornScriptEngine.java:477)&#13;
	at âœ½.Given url _url (createUserEntryWithVariables.feature:7)&#13;

And path _path ............................................................ skipped
And print "Helper ==&gt;", _url .............................................. skipped
And print "Helper ==&gt;", _path ............................................. skipped
And print "Helper ==&gt;", _userId ........................................... skipped
And request {"userId": '#(_userId)',"id": 102,"title": "sunt aut facere repellat provident occaecati excepturi optio reprehenderit","body": "Fifty"} . skipped
And headers {Accept:'application/json' , Content-Type:'application/json'} . skipped
When method post .......................................................... skipped
And status 201 ............................................................ skipped</failure>
  </testcase>
</testsuite>
