<testsuite failures="0" name="com/api/automation/postrequest/createProductEntry.feature" skipped="0" tests="3" time="1.867524">
  <testcase classname="com.api.automation.postrequest.createProductEntry" name="To create the product entry in JSON format" time="0.619783">
    <system-out>Given url 'https://dummyjson.com' ......................................... passed
Given path '/products/add' ................................................ passed
And request {"id": 131,"title": "Bad Title","description": "Bad des","price": 10,"discountPercentage": 10.00,"rating": 10.00,"stock": 10,"stocks": 20,"brand": "Bad brand","category": "Bad category","thumbnail": "https://i.dummyjson.com/data/products/1/thumbnail.jpg","images": ["https://i.dummyjson.com/data/products/1/1.jpg","https://i.dummyjson.com/data/products/1/2.jpg","https://i.dummyjson.com/data/products/1/3.jpg","https://i.dummyjson.com/data/products/1/4.jpg","https://i.dummyjson.com/data/products/1/thumbnail.jpg"]} . passed
And headers {Accept:'application/json' , Content-Type:'application/json'} . passed
When method post .......................................................... passed
And status 200 ............................................................ passed
Then print response ....................................................... passed
And match response.title == "Bad Title" ................................... passed</system-out>
  </testcase>
  <testcase classname="com.api.automation.postrequest.createProductEntry" name="To create the product entry in JSON format" time="0.625968">
    <system-out>Given url 'https://dummyjson.com' ......................................... passed
Given path '/products/add' ................................................ passed
And request {"id": 131,"title": "Bad Title","description": "Bad des","price": 10,"discountPercentage": 10.00,"rating": 10.00,"stock": 10,"stocks": 20,"brand": "Bad brand","category": "Bad category","thumbnail": "https://i.dummyjson.com/data/products/1/thumbnail.jpg","images": ["https://i.dummyjson.com/data/products/1/1.jpg","https://i.dummyjson.com/data/products/1/2.jpg","https://i.dummyjson.com/data/products/1/3.jpg","https://i.dummyjson.com/data/products/1/4.jpg","https://i.dummyjson.com/data/products/1/thumbnail.jpg"]} . passed
And headers {Accept:'application/json' , Content-Type:'application/json'} . passed
When method post .......................................................... passed
And status 200 ............................................................ passed
Then print response ....................................................... passed
And match response.title == "Bad Title" ................................... passed
Given url 'https://dummyjson.com' ......................................... passed
Given path '/products/add' ................................................ passed
* def body = read("data/productEntry.json") ............................... passed
And request body .......................................................... passed
And headers {Accept:'application/json' , Content-Type:'application/json'} . passed
When method post .......................................................... passed
And status 200 ............................................................ passed
Then print response ....................................................... passed
And match response.title == "Bad Title" ................................... passed</system-out>
  </testcase>
  <testcase classname="com.api.automation.postrequest.createProductEntry" name="To create the product entry in JSON format with embedded expression" time="0.621773">
    <system-out>Given url 'https://dummyjson.com' ......................................... passed
Given path '/products/add' ................................................ passed
And request {"id": 131,"title": "Bad Title","description": "Bad des","price": 10,"discountPercentage": 10.00,"rating": 10.00,"stock": 10,"stocks": 20,"brand": "Bad brand","category": "Bad category","thumbnail": "https://i.dummyjson.com/data/products/1/thumbnail.jpg","images": ["https://i.dummyjson.com/data/products/1/1.jpg","https://i.dummyjson.com/data/products/1/2.jpg","https://i.dummyjson.com/data/products/1/3.jpg","https://i.dummyjson.com/data/products/1/4.jpg","https://i.dummyjson.com/data/products/1/thumbnail.jpg"]} . passed
And headers {Accept:'application/json' , Content-Type:'application/json'} . passed
When method post .......................................................... passed
And status 200 ............................................................ passed
Then print response ....................................................... passed
And match response.title == "Bad Title" ................................... passed
Given url 'https://dummyjson.com' ......................................... passed
Given path '/products/add' ................................................ passed
* def body = read("data/productEntry.json") ............................... passed
And request body .......................................................... passed
And headers {Accept:'application/json' , Content-Type:'application/json'} . passed
When method post .......................................................... passed
And status 200 ............................................................ passed
Then print response ....................................................... passed
And match response.title == "Bad Title" ................................... passed
Given url 'https://dummyjson.com' ......................................... passed
Given path '/products/add' ................................................ passed
* def getProductID = function(){return Math.floor((100) * Math.random());} . passed
And request {"id": '#(getProductID())',"title": "Bad Title","description": "Bad des","price": 10,"discountPercentage": 10.00,"rating": 10.00,"stock": 10,"stocks": 20,"brand": "Bad brand","category": "Bad category","thumbnail": "https://i.dummyjson.com/data/products/1/thumbnail.jpg","images": ["https://i.dummyjson.com/data/products/1/1.jpg","https://i.dummyjson.com/data/products/1/2.jpg","https://i.dummyjson.com/data/products/1/3.jpg","https://i.dummyjson.com/data/products/1/4.jpg","https://i.dummyjson.com/data/products/1/thumbnail.jpg"]} . passed
And headers {Accept:'application/json' , Content-Type:'application/json'} . passed
When method post .......................................................... passed
And status 200 ............................................................ passed
Then print response ....................................................... passed
And match response.title == "Bad Title" ................................... passed</system-out>
  </testcase>
</testsuite>
