<testsuite failures="0" name="com/api/automation/createUserEntry.feature" skipped="0" tests="1" time="1.473518">
  <testcase classname="com.api.automation.createUserEntry" name="To create the user entry with JSON data" time="1.473518">
    <system-out>Given url 'https://jsonplaceholder.typicode.com' .......................... passed
And path '/posts' ......................................................... passed
* def getRandomValue = function(){return Math.floor((100) * Math.random());} . passed
* def userId = getRandomValue() ........................................... passed
And request {"userId": '#(userId)',"id": 102,"title": "sunt aut facere repellat provident occaecati excepturi optio reprehenderit","body": "Fifty"} . passed
And headers {Accept:'application/json' , Content-Type:'application/json'} . passed
When method post .......................................................... passed
And status 201 ............................................................ passed</system-out>
  </testcase>
</testsuite>
