<testsuite failures="0" name="com/api/automation/postrequest/javaScriptExecuter.feature" skipped="0" tests="1" time="0.024325">
  <testcase classname="com.api.automation.postrequest.javaScriptExecuter" name="Execute Java Script function with and without parameter" time="0.024325">
    <system-out>* def getIntValue = function() {return 10;} ............................... passed
Then print "Function value ==&gt;", getIntValue() ............................ passed
* def getRandomValue = function(){return Math.floor((100) * Math.random());} . passed
Then print "Function value ==&gt;", getRandomValue() ......................... passed
* def getStringValue = function(arg1){return "Hello " + arg1;} ............ passed
Then print "Function value ==&gt;" , getStringValue("Mirette") ............... passed</system-out>
  </testcase>
</testsuite>
