<?xml version="1.0" encoding="UTF-8"?>
<testsuite xmlns:xsi="http://www.w3.org/2001/XMLSchema-instance" xsi:noNamespaceSchemaLocation="https://maven.apache.org/surefire/maven-surefire-plugin/xsd/surefire-test-report-3.0.xsd" version="3.0" name="com.api.automation.patchrequest.TestPatchRunner" time="0.961" tests="1" errors="0" skipped="0" failures="0">
  <properties>
[...]
</properties>
  <testcase name="runTest" classname="com.api.automation.patchrequest.TestPatchRunner" time="0.946">
    <system-out><![CDATA[10:58:51.663 [main] INFO  com.intuit.karate - karate.env system property was:  
10:58:51.676 [main] INFO  com.intuit.karate - [print] Helper ==> https://jsonplaceholder.typicode.com
10:58:51.677 [main] INFO  com.intuit.karate - [print] Helper ==> /posts
10:58:51.678 [main] INFO  com.intuit.karate - [print] Helper ==> 24
10:58:51.682 [main] DEBUG com.intuit.karate - request:
1 > POST https://jsonplaceholder.typicode.com/posts
1 > Accept: application/json
1 > Accept-Encoding: gzip,deflate
1 > Connection: Keep-Alive
1 > Content-Length: 122
1 > Content-Type: application/json; charset=UTF-8
1 > Host: jsonplaceholder.typicode.com
1 > User-Agent: Apache-HttpClient/4.5.12 (Java/13.0.2)
{"userId":24,"id":102,"title":"sunt aut facere repellat provident occaecati excepturi optio reprehenderit","body":"Fifty"}

10:58:52.138 [main] DEBUG com.intuit.karate - response time in milliseconds: 454.91
1 < 201
1 < Access-Control-Allow-Credentials: true
1 < Access-Control-Expose-Headers: Location
1 < CF-Cache-Status: DYNAMIC
1 < CF-RAY: 7ecb7181182c12ac-MRS
1 < Cache-Control: no-cache
1 < Connection: keep-alive
1 < Content-Length: 139
1 < Content-Type: application/json; charset=utf-8
1 < Date: Wed, 26 Jul 2023 08:58:53 GMT
1 < Etag: W/"8b-JTptEcnE3ol+b1LXP9OzYGV83ks"
1 < Expires: -1
1 < Location: http://jsonplaceholder.typicode.com/posts/101
1 < NEL: {"success_fraction":0,"report_to":"cf-nel","max_age":604800}
1 < Pragma: no-cache
1 < Report-To: {"endpoints":[{"url":"https:\/\/a.nel.cloudflare.com\/report\/v3?s=B4ONZ%2B6ukBBYcqqyjENdjiZfro%2Bk%2Bn%2Brjf%2FT28NXknBZwfbScqFFxJ0gemsMHg5AGhrl8A8rGsrQOellkKsV2jA5VdO7z7ms1s40%2Fy1fncEJHz2o8J7SOhJFAx0Zg2SnNrrbEfRx6pYm0DJXHisG"}],"group":"cf-nel","max_age":604800}
1 < Server: cloudflare
1 < Vary: Origin, X-HTTP-Method-Override, Accept-Encoding
1 < Via: 1.1 vegur
1 < X-Content-Type-Options: nosniff
1 < X-Powered-By: Express
1 < X-Ratelimit-Limit: 1000
1 < X-Ratelimit-Remaining: 994
1 < X-Ratelimit-Reset: 1690361964
1 < alt-svc: h3=":443"; ma=86400
{
  "userId": 24,
  "id": 101,
  "title": "sunt aut facere repellat provident occaecati excepturi optio reprehenderit",
  "body": "Fifty"
}

10:58:52.143 [main] DEBUG com.intuit.karate - request:
1 > PATCH https://jsonplaceholder.typicode.com/posts/1
1 > Accept: application/json
1 > Accept-Encoding: gzip,deflate
1 > Connection: Keep-Alive
1 > Content-Length: 21
1 > Content-Type: application/json; charset=UTF-8
1 > Host: jsonplaceholder.typicode.com
1 > User-Agent: Apache-HttpClient/4.5.12 (Java/13.0.2)
{"title":"new title"}

10:58:52.583 [main] DEBUG com.intuit.karate - response time in milliseconds: 438.20
1 < 200
1 < Access-Control-Allow-Credentials: true
1 < CF-Cache-Status: DYNAMIC
1 < CF-RAY: 7ecb7183e80041b0-MRS
1 < Cache-Control: no-cache
1 < Connection: keep-alive
1 < Content-Type: application/json; charset=utf-8
1 < Date: Wed, 26 Jul 2023 08:58:53 GMT
1 < Etag: W/"e3-hNFnEWSw0E6zIsDRtiZ6LX2O/k4"
1 < Expires: -1
1 < NEL: {"success_fraction":0,"report_to":"cf-nel","max_age":604800}
1 < Pragma: no-cache
1 < Report-To: {"endpoints":[{"url":"https:\/\/a.nel.cloudflare.com\/report\/v3?s=0%2BIvgItYo6wR7XsRlcI0zYA%2BNsbAsfy8VKIZBdEzIlt6v9xTNv%2BWYF50Pcqlmj5VffR1%2BwmW1NeRX5AiIausN1uP3mHzWfAENU4a3blkVGO07KGDl8LveRZYRjgpBHjAwlww%2FtHhUiqX7peEbcqW"}],"group":"cf-nel","max_age":604800}
1 < Server: cloudflare
1 < Transfer-Encoding: chunked
1 < Vary: Origin, Accept-Encoding
1 < Via: 1.1 vegur
1 < X-Content-Type-Options: nosniff
1 < X-Powered-By: Express
1 < X-Ratelimit-Limit: 1000
1 < X-Ratelimit-Remaining: 993
1 < X-Ratelimit-Reset: 1690361964
1 < alt-svc: h3=":443"; ma=86400
{
  "userId": 1,
  "id": 1,
  "title": "new title",
  "body": "quia et suscipit\nsuscipit recusandae consequuntur expedita et cum\nreprehenderit molestiae ut ut quas totam\nnostrum rerum est autem sunt rem eveniet architecto"
}

---------------------------------------------------------
feature: classpath:com/api/automation/patchrequest/updateUserDescription.feature
scenarios:  1 | passed:  1 | failed:  0 | time: 0.9229
---------------------------------------------------------
]]></system-out>
  </testcase>
</testsuite>