<?xml version="1.0" encoding="UTF-8"?>
<testsuite xmlns:xsi="http://www.w3.org/2001/XMLSchema-instance" xsi:noNamespaceSchemaLocation="https://maven.apache.org/surefire/maven-surefire-plugin/xsd/surefire-test-report-3.0.xsd" version="3.0" name="com.api.automation.deleterequest.TestDeleteRunner" time="3.171" tests="1" errors="0" skipped="0" failures="0">
  <properties>
[...]
</properties>
  <testcase name="runTest" classname="com.api.automation.deleterequest.TestDeleteRunner" time="2.516">
    <system-out><![CDATA[10:58:46.238 [main] INFO  com.intuit.karate - karate.env system property was:  
10:58:46.346 [main] INFO  com.intuit.karate - [print] Helper ==> https://jsonplaceholder.typicode.com
10:58:46.349 [main] INFO  com.intuit.karate - [print] Helper ==> /posts
10:58:46.351 [main] INFO  com.intuit.karate - [print] Helper ==> 89
10:58:46.915 [main] DEBUG com.intuit.karate - request:
1 > POST https://jsonplaceholder.typicode.com/posts
1 > Accept: application/json
1 > Accept-Encoding: gzip,deflate
1 > Connection: Keep-Alive
1 > Content-Length: 122
1 > Content-Type: application/json; charset=UTF-8
1 > Host: jsonplaceholder.typicode.com
1 > User-Agent: Apache-HttpClient/4.5.12 (Java/13.0.2)
{"userId":89,"id":102,"title":"sunt aut facere repellat provident occaecati excepturi optio reprehenderit","body":"Fifty"}

10:58:47.537 [main] DEBUG com.intuit.karate - response time in milliseconds: 619.71
1 < 201
1 < Access-Control-Allow-Credentials: true
1 < Access-Control-Expose-Headers: Location
1 < CF-Cache-Status: DYNAMIC
1 < CF-RAY: 7ecb71644cd7184a-MRS
1 < Cache-Control: no-cache
1 < Connection: keep-alive
1 < Content-Length: 139
1 < Content-Type: application/json; charset=utf-8
1 < Date: Wed, 26 Jul 2023 08:58:48 GMT
1 < Etag: W/"8b-kGeTHaz2kjzOGFyH/kPF53vC4LI"
1 < Expires: -1
1 < Location: http://jsonplaceholder.typicode.com/posts/101
1 < NEL: {"success_fraction":0,"report_to":"cf-nel","max_age":604800}
1 < Pragma: no-cache
1 < Report-To: {"endpoints":[{"url":"https:\/\/a.nel.cloudflare.com\/report\/v3?s=VryBSOl6Aipi7nqjJC0Q%2FnF9wGQXKtreLgQyJs%2ByDxYuz%2BvvzB2ixfOeLv1eG261CutMMU%2BhIZ5t3s2E63UGjYLh74UqPOoRPVMGHt3rYspJAupWSAPrCbOwqFLyGD0oI1LsQo7fL3h2UHfadZ7N"}],"group":"cf-nel","max_age":604800}
1 < Server: cloudflare
1 < Vary: Origin, X-HTTP-Method-Override, Accept-Encoding
1 < Via: 1.1 vegur
1 < X-Content-Type-Options: nosniff
1 < X-Powered-By: Express
1 < X-Ratelimit-Limit: 1000
1 < X-Ratelimit-Remaining: 999
1 < X-Ratelimit-Reset: 1690361964
1 < alt-svc: h3=":443"; ma=86400
{
  "userId": 89,
  "id": 101,
  "title": "sunt aut facere repellat provident occaecati excepturi optio reprehenderit",
  "body": "Fifty"
}

10:58:47.545 [main] DEBUG com.intuit.karate - request:
1 > DELETE https://jsonplaceholder.typicode.com/posts/89
1 > Accept-Encoding: gzip,deflate
1 > Connection: Keep-Alive
1 > Host: jsonplaceholder.typicode.com
1 > User-Agent: Apache-HttpClient/4.5.12 (Java/13.0.2)

10:58:48.008 [main] DEBUG com.intuit.karate - response time in milliseconds: 461.77
1 < 200
1 < Access-Control-Allow-Credentials: true
1 < CF-Cache-Status: DYNAMIC
1 < CF-RAY: 7ecb71673e800c4b-MRS
1 < Cache-Control: no-cache
1 < Connection: keep-alive
1 < Content-Length: 2
1 < Content-Type: application/json; charset=utf-8
1 < Date: Wed, 26 Jul 2023 08:58:49 GMT
1 < Etag: W/"2-vyGp6PvFo4RvsFtPoIWeCReyIC8"
1 < Expires: -1
1 < NEL: {"success_fraction":0,"report_to":"cf-nel","max_age":604800}
1 < Pragma: no-cache
1 < Report-To: {"endpoints":[{"url":"https:\/\/a.nel.cloudflare.com\/report\/v3?s=NFQIE0Qj6o88AuSLJRo71KmxsZJ6FQlpZmNjU6VU5vNSi5KAjxlu5u%2Fazx8GGxe2Y418JdQF%2FygHep8e0dh%2FYpCZpHldVRnEpBHccC1lgMFEjnXFzR%2BR9dAgck5UBxul4tOt%2BnGrNbViLq6m8xTZ"}],"group":"cf-nel","max_age":604800}
1 < Server: cloudflare
1 < Vary: Origin, Accept-Encoding
1 < Via: 1.1 vegur
1 < X-Content-Type-Options: nosniff
1 < X-Powered-By: Express
1 < X-Ratelimit-Limit: 1000
1 < X-Ratelimit-Remaining: 998
1 < X-Ratelimit-Reset: 1690361964
1 < alt-svc: h3=":443"; ma=86400
{}

10:58:48.015 [main] DEBUG com.intuit.karate - request:
2 > GET https://jsonplaceholder.typicode.com/posts89
2 > Accept-Encoding: gzip,deflate
2 > Connection: Keep-Alive
2 > Host: jsonplaceholder.typicode.com
2 > User-Agent: Apache-HttpClient/4.5.12 (Java/13.0.2)

10:58:48.519 [main] DEBUG com.intuit.karate - response time in milliseconds: 502.79
2 < 404
2 < Access-Control-Allow-Credentials: true
2 < CF-Cache-Status: MISS
2 < CF-RAY: 7ecb716a190641b9-MRS
2 < Cache-Control: max-age=43200
2 < Connection: keep-alive
2 < Content-Length: 2
2 < Content-Type: application/json; charset=utf-8
2 < Date: Wed, 26 Jul 2023 08:58:49 GMT
2 < Etag: W/"2-vyGp6PvFo4RvsFtPoIWeCReyIC8"
2 < Expires: -1
2 < NEL: {"success_fraction":0,"report_to":"cf-nel","max_age":604800}
2 < Pragma: no-cache
2 < Report-To: {"endpoints":[{"url":"https:\/\/a.nel.cloudflare.com\/report\/v3?s=xNWurNNOOCyW9RqgLi%2FTEiLIxpzzccDRsKKHvrkiuy%2BV13zbYLia2kjCsUHB74QWd4xlLm4jz%2Fpih0ddRBVUXcTmvxDlkxZ%2FDCt7M7MsH0pWBAfToUvKnLUkScEeFVJPMPKZITx4Ee2EhXuDXvIT"}],"group":"cf-nel","max_age":604800}
2 < Server: cloudflare
2 < Vary: Origin, Accept-Encoding
2 < Via: 1.1 vegur
2 < X-Content-Type-Options: nosniff
2 < X-Powered-By: Express
2 < X-Ratelimit-Limit: 1000
2 < X-Ratelimit-Remaining: 997
2 < X-Ratelimit-Reset: 1690361964
2 < alt-svc: h3=":443"; ma=86400
{}

---------------------------------------------------------
feature: classpath:com/api/automation/deleterequest/deleteUserEntry.feature
scenarios:  1 | passed:  1 | failed:  0 | time: 2.2339
---------------------------------------------------------
]]></system-out>
    <system-err><![CDATA[Warning: Nashorn engine is planned to be removed from a future JDK release
]]></system-err>
  </testcase>
</testsuite>