<?xml version="1.0" encoding="UTF-8"?>
<testsuite xmlns:xsi="http://www.w3.org/2001/XMLSchema-instance" xsi:noNamespaceSchemaLocation="https://maven.apache.org/surefire/maven-surefire-plugin/xsd/surefire-test-report-3.0.xsd" version="3.0" name="com.api.automation.getrequest.TestVariableRunner" time="0.051" tests="1" errors="0" skipped="0" failures="0">
  <properties>
[...]
</properties>
  <testcase name="runTest" classname="com.api.automation.getrequest.TestVariableRunner" time="0.043">
    <system-out><![CDATA[10:58:51.603 [main] INFO  com.intuit.karate - karate.env system property was:  
10:58:51.613 [main] INFO  com.intuit.karate - [print] int var =  10
10:58:51.615 [main] INFO  com.intuit.karate - [print] string var =  John
10:58:51.621 [main] INFO  com.intuit.karate - [print] New value =  15.0
10:58:51.623 [main] INFO  com.intuit.karate - [print] Backgroud variables==>  Google 20
---------------------------------------------------------
feature: classpath:com/api/automation/getrequest/Variables.feature
scenarios:  1 | passed:  1 | failed:  0 | time: 0.0188
---------------------------------------------------------
]]></system-out>
  </testcase>
</testsuite>